2025-05-15T01:27:48.494Z GET /
2025-05-15T01:27:54.551Z GET /products
2025-05-15T01:29:13.820Z GET /products
2025-05-15T01:29:35.964Z GET /api/auth/register
2025-05-15T01:29:51.487Z GET /health
2025-05-15T01:29:51.581Z GET /favicon.ico
2025-05-15T13:55:47.292Z GET /admin
2025-05-15T13:55:47.357Z GET /admin/frontend/assets/global.bundle.js
2025-05-15T13:55:47.359Z GET /admin/frontend/assets/design-system.bundle.js
2025-05-15T13:55:47.362Z GET /admin/frontend/assets/app.bundle.js
2025-05-15T13:55:47.363Z GET /admin/frontend/assets/components.bundle.js
2025-05-15T13:55:47.499Z GET /admin/frontend/assets/components.bundle.js
2025-05-15T13:55:47.500Z GET /admin/frontend/assets/app.bundle.js
2025-05-15T13:55:47.762Z GET /admin/frontend/assets/global.bundle.js
2025-05-15T13:55:47.763Z GET /admin/frontend/assets/design-system.bundle.js
2025-05-15T13:55:48.278Z GET /admin/frontend/assets/logo.svg
2025-05-15T13:55:48.287Z GET /favicon.ico
2025-05-15T13:56:49.231Z GET /admin/api/resources/users/actions/list
2025-05-15T13:58:48.414Z GET /admin/api/resources/users/actions/list
2025-05-15T13:58:56.496Z GET /admin/api/resources/users/actions/list
2025-05-15T14:01:26.634Z GET /admin
2025-05-15T14:01:26.699Z GET /admin/frontend/assets/global.bundle.js
2025-05-15T14:01:26.703Z GET /admin/frontend/assets/design-system.bundle.js
2025-05-15T14:01:26.705Z GET /admin/frontend/assets/app.bundle.js
2025-05-15T14:01:26.707Z GET /admin/frontend/assets/components.bundle.js
2025-05-15T14:01:26.751Z GET /admin/frontend/assets/components.bundle.js
2025-05-15T14:01:26.752Z GET /admin/frontend/assets/global.bundle.js
2025-05-15T14:01:26.754Z GET /admin/frontend/assets/app.bundle.js
2025-05-15T14:01:26.755Z GET /admin/frontend/assets/design-system.bundle.js
2025-05-15T14:01:27.466Z GET /admin/frontend/assets/logo.svg
2025-05-15T14:01:28.340Z GET /admin/api/resources/users/actions/list
2025-05-15T14:01:42.105Z GET /admin/api/resources/products/actions/list
2025-05-15T14:01:43.086Z GET /admin/api/resources/users/actions/list
2025-05-15T14:01:44.405Z GET /admin/api/resources/products/actions/list
2025-05-15T14:01:45.266Z GET /admin/api/resources/users/actions/list
2025-05-15T14:02:12.687Z GET /admin/api/resources/products/actions/list
2025-05-15T14:13:18.361Z GET /admin/resources/products/actions/new
2025-05-15T14:13:18.458Z GET /admin/frontend/assets/components.bundle.js
2025-05-15T14:13:18.460Z GET /admin/frontend/assets/app.bundle.js
2025-05-15T14:13:18.465Z GET /admin/frontend/assets/global.bundle.js
2025-05-15T14:13:18.468Z GET /admin/frontend/assets/design-system.bundle.js
2025-05-15T14:14:17.499Z GET /admin/resources/products/actions/new
2025-05-15T14:14:17.560Z GET /admin/frontend/assets/global.bundle.js
2025-05-15T14:14:17.566Z GET /admin/frontend/assets/design-system.bundle.js
2025-05-15T14:14:17.568Z GET /admin/frontend/assets/app.bundle.js
2025-05-15T14:14:17.570Z GET /admin/frontend/assets/components.bundle.js
2025-05-15T14:14:17.627Z GET /admin/frontend/assets/global.bundle.js
2025-05-15T14:14:17.629Z GET /admin/frontend/assets/components.bundle.js
2025-05-15T14:14:17.629Z GET /admin/frontend/assets/design-system.bundle.js
2025-05-15T14:14:17.630Z GET /admin/frontend/assets/app.bundle.js
2025-05-15T14:14:18.291Z GET /admin/frontend/assets/logo.svg
2025-05-15T14:14:28.414Z GET /admin/api/resources/product_media/actions/list
2025-05-15T14:14:28.417Z GET /admin/api/resources/products/actions/search
2025-05-15T14:14:30.019Z GET /admin/api/resources/products/actions/list
2025-05-15T14:14:30.434Z GET /admin/api/resources/users/actions/list
2025-05-15T14:14:31.273Z GET /admin/api/resources/order_items/actions/list
2025-05-15T14:14:31.276Z GET /admin/api/resources/orders/actions/search
2025-05-15T14:14:31.277Z GET /admin/api/resources/products/actions/search
2025-05-15T14:14:31.801Z GET /admin/api/resources/orders/actions/list
2025-05-15T14:14:31.802Z GET /admin/api/resources/users/actions/search
2025-05-15T14:14:32.304Z GET /admin/api/resources/order_items/actions/list
2025-05-15T14:14:32.306Z GET /admin/api/resources/orders/actions/search
2025-05-15T14:14:32.307Z GET /admin/api/resources/products/actions/search
2025-05-15T14:14:32.604Z GET /admin/api/resources/orders/actions/list
2025-05-15T14:14:32.605Z GET /admin/api/resources/users/actions/search
2025-05-15T14:14:33.007Z GET /admin/api/resources/order_items/actions/list
2025-05-15T14:14:33.008Z GET /admin/api/resources/orders/actions/search
2025-05-15T14:14:33.009Z GET /admin/api/resources/products/actions/search
2025-05-15T14:14:33.289Z GET /admin/api/resources/orders/actions/list
2025-05-15T14:14:33.290Z GET /admin/api/resources/users/actions/search
2025-05-15T14:14:36.288Z GET /admin/api/resources/users/actions/list
2025-05-15T14:15:54.053Z GET /admin/api/resources/orders/actions/list
2025-05-15T14:15:54.054Z GET /admin/api/resources/users/actions/search
2025-05-15T14:18:10.069Z GET /admin/api/resources/products/actions/list
2025-05-15T14:29:56.926Z GET /admin/resources/products/actions/new
2025-05-15T14:29:57.075Z GET /admin/frontend/assets/components.bundle.js
2025-05-15T14:29:57.231Z GET /admin/frontend/assets/components.bundle.js
2025-05-15T14:29:57.232Z GET /admin/frontend/assets/app.bundle.js
2025-05-15T14:29:57.235Z GET /admin/frontend/assets/global.bundle.js
2025-05-15T14:29:57.236Z GET /admin/frontend/assets/design-system.bundle.js
2025-05-15T14:30:01.487Z GET /admin/resources/products/actions/new
2025-05-15T14:30:01.553Z GET /admin/frontend/assets/global.bundle.js
2025-05-15T14:30:01.559Z GET /admin/frontend/assets/design-system.bundle.js
2025-05-15T14:30:01.561Z GET /admin/frontend/assets/app.bundle.js
2025-05-15T14:30:01.562Z GET /admin/frontend/assets/components.bundle.js
2025-05-15T14:30:01.672Z GET /admin/frontend/assets/components.bundle.js
2025-05-15T14:30:01.674Z GET /admin/frontend/assets/app.bundle.js
2025-05-15T14:30:01.675Z GET /admin/frontend/assets/global.bundle.js
2025-05-15T14:30:01.677Z GET /admin/frontend/assets/design-system.bundle.js
2025-05-15T14:30:02.371Z GET /admin/frontend/assets/logo.svg
2025-05-15T14:30:04.724Z GET /admin/api/resources/users/actions/list
2025-05-15T14:30:05.897Z GET /admin/api/resources/products/actions/list
2025-05-15T14:31:10.382Z GET /admin/api/resources/product_media/actions/list
2025-05-15T14:31:10.383Z GET /admin/api/resources/products/actions/search
2025-05-15T14:31:11.769Z GET /admin/api/resources/products/actions/list
2025-05-15T15:34:42.458Z POST /admin/api/resources/products/actions/new
2025-05-15T15:34:59.899Z GET /admin/resources/products/actions/new
2025-05-15T15:34:59.954Z GET /admin/frontend/assets/global.bundle.js
2025-05-15T15:34:59.961Z GET /admin/frontend/assets/design-system.bundle.js
2025-05-15T15:34:59.964Z GET /admin/frontend/assets/app.bundle.js
2025-05-15T15:34:59.967Z GET /admin/frontend/assets/components.bundle.js
2025-05-15T15:35:00.340Z GET /admin/frontend/assets/logo.svg
2025-05-15T15:35:00.410Z GET /favicon.ico
2025-05-15T15:36:13.821Z POST /admin/api/resources/products/actions/new
2025-05-15T15:38:14.722Z POST /admin/api/resources/products/actions/new
2025-05-15T15:40:43.487Z GET /admin/resources/products/actions/new
2025-05-15T15:40:43.497Z GET /admin/frontend/assets/components.bundle.js
2025-05-15T15:40:45.970Z POST /admin/api/resources/products/actions/new
2025-05-15T15:43:31.761Z POST /admin/api/resources/products/actions/new
2025-05-15T15:43:39.441Z GET /admin/resources/products/actions/new
2025-05-15T15:43:39.557Z GET /admin/frontend/assets/global.bundle.js
2025-05-15T15:43:39.564Z GET /admin/frontend/assets/design-system.bundle.js
2025-05-15T15:43:39.567Z GET /admin/frontend/assets/app.bundle.js
2025-05-15T15:43:39.569Z GET /admin/frontend/assets/components.bundle.js
2025-05-15T15:43:40.176Z GET /admin/frontend/assets/logo.svg
2025-05-15T15:43:40.335Z GET /favicon.ico
2025-05-15T15:43:44.299Z GET /admin/api/resources/products/actions/list
2025-05-15T15:43:59.332Z POST /admin/api/resources/products/actions/new
2025-05-15T15:44:13.772Z POST /admin/api/resources/products/actions/new
2025-05-15T15:54:55.395Z GET /admin/resources/products/actions/new
2025-05-15T15:54:55.447Z GET /admin/frontend/assets/components.bundle.js
2025-05-15T16:07:31.441Z GET /admin/api/resources/products/actions/list
2025-05-15T16:07:34.306Z GET /admin/api/resources/products/records/3fe369fa-34df-4ce8-b824-9d1204d8f065/show
2025-05-15T16:07:37.862Z GET /admin/api/resources/products/records/3fe369fa-34df-4ce8-b824-9d1204d8f065/edit
2025-05-15T16:09:27.960Z POST /admin/api/resources/products/records/3fe369fa-34df-4ce8-b824-9d1204d8f065/edit
2025-05-15T16:09:57.471Z GET /admin/resources/products/actions/new
2025-05-15T16:09:57.479Z GET /admin/frontend/assets/components.bundle.js
2025-05-15T16:10:00.565Z POST /admin/api/resources/products/records/3fe369fa-34df-4ce8-b824-9d1204d8f065/edit
2025-05-15T16:10:48.478Z POST /admin/api/resources/products/records/3fe369fa-34df-4ce8-b824-9d1204d8f065/edit
2025-05-15T16:11:39.494Z GET /admin/resources/products/records/3fe369fa-34df-4ce8-b824-9d1204d8f065/edit
2025-05-15T16:11:39.604Z GET /admin/frontend/assets/components.bundle.js
2025-05-15T16:11:39.924Z GET /admin/frontend/assets/logo.svg
2025-05-15T16:11:39.947Z GET /admin/api/resources/products/records/3fe369fa-34df-4ce8-b824-9d1204d8f065/edit
2025-05-15T16:11:39.956Z GET /favicon.ico
2025-05-15T16:11:41.271Z GET /admin/api/resources/users/actions/list
2025-05-15T16:21:06.467Z POST /api/auth/register
2025-05-15T16:21:36.223Z POST /api/auth/register
2025-05-15T16:22:15.326Z GET /admin/resources/users/actions/new
2025-05-15T16:22:15.387Z GET /admin/frontend/assets/components.bundle.js
2025-05-15T16:22:18.082Z GET /admin/resources/users/actions/new
2025-05-15T16:22:18.255Z GET /admin/frontend/assets/global.bundle.js
2025-05-15T16:22:18.261Z GET /admin/frontend/assets/design-system.bundle.js
2025-05-15T16:22:18.263Z GET /admin/frontend/assets/app.bundle.js
2025-05-15T16:22:18.264Z GET /admin/frontend/assets/components.bundle.js
2025-05-15T16:22:18.595Z GET /admin/frontend/assets/logo.svg
2025-05-15T16:22:19.910Z GET /admin/api/resources/users/actions/list
2025-05-15T16:22:26.800Z GET /admin/api/resources/users/records/cded3b53-c649-4551-a791-deccb3c54fcd/show
2025-05-15T16:23:16.575Z GET /admin/resources/users/records/cded3b53-c649-4551-a791-deccb3c54fcd/show
2025-05-15T16:23:16.672Z GET /admin/frontend/assets/global.bundle.js
2025-05-15T16:23:16.677Z GET /admin/frontend/assets/components.bundle.js
2025-05-15T16:23:16.678Z GET /admin/frontend/assets/app.bundle.js
2025-05-15T16:23:16.680Z GET /admin/frontend/assets/design-system.bundle.js
2025-05-15T16:23:16.986Z GET /admin/frontend/assets/logo.svg
2025-05-15T16:23:17.015Z GET /admin/api/resources/users/records/cded3b53-c649-4551-a791-deccb3c54fcd/show
2025-05-15T16:23:17.026Z GET /favicon.ico
2025-05-15T16:23:18.344Z GET /admin/api/resources/products/actions/list
2025-05-15T16:23:38.432Z GET /admin/api/resources/products/actions/list
2025-05-15T16:23:51.340Z GET /admin/api/resources/products/records/3fe369fa-34df-4ce8-b824-9d1204d8f065/show
2025-05-15T16:23:53.621Z GET /admin/api/resources/products/records/3fe369fa-34df-4ce8-b824-9d1204d8f065/edit
2025-05-15T16:24:34.904Z GET /admin/resources/products/records/3fe369fa-34df-4ce8-b824-9d1204d8f065/edit
2025-05-15T16:24:34.972Z GET /admin/frontend/assets/components.bundle.js
2025-05-15T16:24:34.974Z GET /admin/frontend/assets/global.bundle.js
2025-05-15T16:24:34.978Z GET /admin/frontend/assets/design-system.bundle.js
2025-05-15T16:24:34.979Z GET /admin/frontend/assets/app.bundle.js
2025-05-15T16:24:35.323Z GET /admin/frontend/assets/logo.svg
2025-05-15T16:24:35.347Z GET /admin/api/resources/products/records/3fe369fa-34df-4ce8-b824-9d1204d8f065/edit
2025-05-15T16:25:25.346Z POST /admin/api/resources/products/records/3fe369fa-34df-4ce8-b824-9d1204d8f065/edit
2025-05-15T16:25:25.514Z GET /admin/api/resources/products/actions/list
2025-05-15T16:25:36.402Z GET /admin/api/resources/product_media/actions/list
2025-05-15T16:25:36.404Z GET /admin/api/resources/products/actions/search
2025-05-15T16:25:37.483Z GET /admin/api/resources/products/actions/list
2025-05-15T16:25:39.475Z GET /admin/api/resources/product_media/actions/list
2025-05-15T16:25:39.476Z GET /admin/api/resources/products/actions/search
2025-05-15T16:25:40.470Z GET /admin/api/resources/products/actions/search
2025-05-15T16:25:44.157Z GET /admin/api/resources/products/records/3fe369fa-34df-4ce8-b824-9d1204d8f065/show
2025-05-15T16:25:51.852Z GET /admin/api/resources/users/actions/list
2025-05-15T16:25:52.461Z GET /admin/api/resources/products/actions/list
2025-05-15T16:26:00.841Z GET /admin/api/resources/users/actions/list
2025-05-15T16:26:06.602Z GET /admin/api/resources/users/records/cded3b53-c649-4551-a791-deccb3c54fcd/show
2025-05-15T16:26:09.477Z GET /admin/api/resources/users/actions/list
2025-05-15T16:26:14.400Z GET /admin/api/resources/products/actions/list
2025-05-15T16:28:42.020Z POST /admin/api/resources/products/actions/new
2025-05-15T16:28:42.149Z GET /admin/api/resources/products/actions/list
2025-05-15T16:30:05.462Z POST /admin/api/resources/products/actions/new
2025-05-15T16:30:05.603Z GET /admin/api/resources/products/actions/list
2025-05-15T16:32:35.650Z POST /admin/api/resources/products/actions/new
2025-05-15T16:32:35.777Z GET /admin/api/resources/products/actions/list
2025-05-15T16:32:56.441Z GET /admin/resources/products
2025-05-15T16:32:56.505Z GET /admin/frontend/assets/components.bundle.js
2025-05-15T16:32:56.506Z GET /admin/frontend/assets/global.bundle.js
2025-05-15T16:32:56.510Z GET /admin/frontend/assets/design-system.bundle.js
2025-05-15T16:32:56.511Z GET /admin/frontend/assets/app.bundle.js
2025-05-15T16:32:56.825Z GET /admin/frontend/assets/logo.svg
2025-05-15T16:32:56.894Z GET /admin/api/resources/products/actions/list
2025-05-15T16:33:10.061Z GET /admin/api/resources/products/actions/list
2025-05-15T16:33:57.117Z POST /admin/api/resources/products/actions/new
2025-05-15T16:33:57.280Z GET /admin/api/resources/products/actions/list
2025-05-15T16:34:49.356Z POST /admin/api/resources/products/actions/new
2025-05-15T16:34:49.481Z GET /admin/api/resources/products/actions/list
2025-05-15T16:40:34.650Z POST /admin/api/resources/products/actions/new
2025-05-15T16:40:34.775Z GET /admin/api/resources/products/actions/list
2025-05-15T16:44:08.320Z POST /admin/api/resources/products/actions/new
2025-05-15T16:44:08.444Z GET /admin/api/resources/products/actions/list
2025-05-15T16:47:25.017Z POST /admin/api/resources/products/actions/new
2025-05-15T16:47:25.175Z GET /admin/api/resources/products/actions/list
2025-05-15T16:53:17.793Z GET /admin/api/resources/product_media/actions/list
2025-05-15T16:53:17.802Z GET /admin/api/resources/products/actions/search
2025-05-15T16:53:19.171Z GET /admin/api/resources/orders/actions/list
2025-05-15T16:53:19.173Z GET /admin/api/resources/users/actions/search
2025-05-15T16:53:20.458Z GET /admin/api/resources/products/actions/search
2025-05-15T16:53:20.459Z GET /admin/api/resources/order_items/actions/list
2025-05-15T16:53:20.463Z GET /admin/api/resources/orders/actions/search
2025-05-15T16:53:20.881Z GET /admin/api/resources/orders/actions/list
2025-05-15T16:53:20.882Z GET /admin/api/resources/users/actions/search
2025-05-15T16:53:21.159Z GET /admin/api/resources/product_media/actions/list
2025-05-15T16:53:21.160Z GET /admin/api/resources/products/actions/search
2025-05-15T16:53:22.308Z GET /admin/api/resources/products/actions/search
2025-05-15T16:53:29.122Z GET /admin/api/resources/products/records/e54db185-5d9d-428d-9055-fa38756e01c8/show
2025-05-15T20:13:47.934Z POST /api/auth/register
2025-05-15T20:16:16.883Z POST /api/auth/register
2025-05-15T20:29:16.726Z POST /api/auth/register
2025-05-15T20:29:35.036Z POST /api/auth/register
2025-05-15T20:29:53.992Z POST /api/auth/register
2025-05-15T20:31:50.932Z POST /api/auth/register
2025-05-15T20:50:31.223Z POST /api/auth/register
2025-05-15T20:50:31.284Z POST /api/auth/login
2025-05-15T20:50:31.342Z POST /api/auth/login
2025-05-15T20:57:41.313Z POST /api/auth/register
2025-05-15T20:57:41.358Z POST /api/auth/login
2025-05-15T20:57:41.380Z POST /api/auth/login
2025-05-15T20:57:41.437Z GET /api/users
2025-05-15T20:57:41.449Z GET /api/users/me
2025-05-15T20:57:41.451Z POST /api/auth/login
2025-05-15T20:59:08.765Z POST /api/auth/register
2025-05-15T20:59:08.815Z POST /api/auth/login
2025-05-15T20:59:08.836Z POST /api/auth/login
2025-05-15T20:59:08.895Z GET /api/users
2025-05-15T20:59:08.904Z GET /api/users/me
2025-05-15T20:59:08.916Z POST /api/auth/login
2025-05-15T20:59:16.673Z POST /api/auth/register
2025-05-15T20:59:16.737Z POST /api/auth/login
2025-05-15T20:59:16.746Z POST /api/auth/login
2025-05-15T20:59:16.826Z POST /api/auth/login
2025-05-15T20:59:16.844Z GET /api/users
2025-05-15T20:59:16.851Z GET /api/users/me
2025-05-15T20:59:49.879Z POST /api/auth/register
2025-05-15T20:59:49.933Z POST /api/auth/login
2025-05-15T20:59:49.948Z POST /api/auth/login
2025-05-15T20:59:50.021Z GET /api/users
2025-05-15T20:59:50.025Z POST /api/auth/login
2025-05-15T20:59:50.032Z GET /api/users/me
2025-05-15T21:23:59.022Z GET /api/products
2025-05-15T21:23:59.036Z GET /api/products/1
2025-05-15T21:23:59.040Z PATCH /api/products/1
2025-05-15T21:23:59.044Z DELETE /api/products/1
2025-05-15T21:23:59.052Z POST /api/auth/register
2025-05-15T21:23:59.128Z POST /api/auth/login
2025-05-15T21:23:59.137Z POST /api/auth/login
2025-05-15T21:23:59.218Z GET /api/users
2025-05-15T21:23:59.220Z POST /api/auth/login
2025-05-15T21:23:59.226Z GET /api/users/me
2025-05-15T23:32:32.328Z GET /admin/resources/products/records/3fe369fa-34df-4ce8-b824-9d1204d8f065/edit
2025-05-15T23:32:32.383Z GET /admin/frontend/assets/components.bundle.js
2025-05-15T23:32:32.755Z GET /admin/frontend/assets/logo.svg
2025-05-15T23:32:32.773Z GET /admin/api/resources/products/records/3fe369fa-34df-4ce8-b824-9d1204d8f065/edit
2025-05-15T23:32:38.805Z GET /admin/resources/products/records/3fe369fa-34df-4ce8-b824-9d1204d8f065/edit
2025-05-15T23:32:38.855Z GET /admin/frontend/assets/global.bundle.js
2025-05-15T23:32:38.858Z GET /admin/frontend/assets/design-system.bundle.js
2025-05-15T23:32:38.860Z GET /admin/frontend/assets/app.bundle.js
2025-05-15T23:32:38.862Z GET /admin/frontend/assets/components.bundle.js
2025-05-15T23:32:39.171Z GET /admin/frontend/assets/logo.svg
2025-05-15T23:32:39.194Z GET /admin/api/resources/products/records/3fe369fa-34df-4ce8-b824-9d1204d8f065/edit
2025-05-15T23:32:41.159Z GET /admin/api/resources/product_media/actions/list
2025-05-15T23:32:41.162Z GET /admin/api/resources/products/actions/search
2025-05-15T23:32:41.337Z GET /admin/api/resources/products/actions/list
2025-05-15T23:32:43.650Z GET /admin/api/resources/users/actions/list
2025-05-15T23:32:44.251Z GET /admin/api/resources/products/actions/list
2025-05-15T23:32:50.610Z GET /admin/api/resources/users/actions/list
2025-05-15T23:33:39.059Z GET /admin/api/resources/products/actions/search
2025-05-15T23:33:39.061Z GET /admin/api/resources/order_items/actions/list
2025-05-15T23:33:39.062Z GET /admin/api/resources/orders/actions/search
2025-05-15T23:33:39.760Z GET /admin/api/resources/orders/actions/list
2025-05-15T23:33:39.761Z GET /admin/api/resources/users/actions/search
2025-05-15T23:33:40.140Z GET /admin/api/resources/product_media/actions/list
2025-05-15T23:33:40.142Z GET /admin/api/resources/products/actions/search
2025-05-15T23:33:40.450Z GET /admin/api/resources/products/actions/list
2025-05-15T23:33:40.697Z GET /admin/api/resources/users/actions/list
2025-05-15T23:33:41.352Z GET /admin/api/resources/product_media/actions/list
2025-05-15T23:33:41.354Z GET /admin/api/resources/products/actions/search
2025-05-15T23:33:41.611Z GET /admin/api/resources/order_items/actions/list
2025-05-15T23:33:41.613Z GET /admin/api/resources/orders/actions/search
2025-05-15T23:33:42.101Z GET /admin/api/resources/orders/actions/list
2025-05-15T23:33:42.102Z GET /admin/api/resources/users/actions/search
2025-05-15T23:33:42.377Z GET /admin/api/resources/product_media/actions/list
2025-05-15T23:33:42.378Z GET /admin/api/resources/products/actions/search
2025-05-15T23:33:42.676Z GET /admin/api/resources/products/actions/list
